* using log directory ‘/Users/bwoods/RCI.Rcheck’
* using R version 3.0.0 (2013-04-03)
* using platform: x86_64-apple-darwin10.8.0 (64-bit)
* using session charset: UTF-8
* checking for file ‘RCI/DESCRIPTION’ ... OK
* this is package ‘RCI’ version ‘1.0’
* checking package namespace information ... OK
* checking package dependencies ... OK
* checking if this is a source package ... WARNING
Subdirectory ‘RCI/src’ contains apparent object files/libraries
  RCI.so compmaskC.o compmasksC.o countholesC.o hillclimbC.o
  histequalC.o labelbumpsC.o labelcontiguousC.o labelcontiguousC.so
  localmaxC.o maskcorC.o mylib.o rf_build.o slidinghistequalC.o
Object files/libraries should not be included in a source package.

In addition to the above warning(s), found the following notes:

Found the following apparent object files/libraries:
  src-i386/RCI.so src-i386/compmaskC.o src-i386/compmasksC.o
  src-i386/countholes.o src-i386/countholesC.o src-i386/hillclimbC.o
  src-i386/histequalC.o src-i386/labelbumpsC.o
  src-i386/labelcontiguous.o src-i386/labelcontiguousC.o
  src-i386/labelcontiguousC.so src-i386/localmaxC.o src-i386/maskcorC.o
  src-i386/meanshiftC.o src-i386/mergemasksC.o src-i386/mylib.o
  src-i386/rf_build.o src-i386/slidinghistequalC.o src-x86_64/RCI.so
  src-x86_64/compmaskC.o src-x86_64/compmasksC.o
  src-x86_64/countholes.o src-x86_64/countholesC.o
  src-x86_64/hillclimbC.o src-x86_64/histequalC.o
  src-x86_64/labelbumpsC.o src-x86_64/labelcontiguous.o
  src-x86_64/labelcontiguousC.o src-x86_64/labelcontiguousC.so
  src-x86_64/localmaxC.o src-x86_64/maskcorC.o src-x86_64/meanshiftC.o
  src-x86_64/mergemasksC.o src-x86_64/mylib.o src-x86_64/rf_build.o
  src-x86_64/slidinghistequalC.o
Object files/libraries should not be included in a source package.
* checking if there is a namespace ... OK
* checking for executable files ... OK
* checking for hidden files and directories ... NOTE
Found the following hidden files and directories:
  .DS_Store
  R/.DS_Store
  R/.Rhistory
These were most likely included in error. See section ‘Package
structure’ in the ‘Writing R Extensions’ manual.
* checking for portable file names ... OK
* checking for sufficient/correct file permissions ... OK
* checking whether package ‘RCI’ can be installed ... OK
* checking installed package size ... OK
* checking package directory ... OK
* checking DESCRIPTION meta-information ... OK
* checking top-level files ... OK
* checking for left-over files ... OK
* checking index information ... OK
* checking package subdirectories ... WARNING
Subdirectory ‘inst’ contains no files.
* checking R files for non-ASCII characters ... OK
* checking R files for syntax errors ... OK
* checking whether the package can be loaded ... OK
* checking whether the package can be loaded with stated dependencies ... OK
* checking whether the package can be unloaded cleanly ... OK
* checking whether the namespace can be loaded with stated dependencies ... OK
* checking whether the namespace can be unloaded cleanly ... OK
* checking for unstated dependencies in R code ... WARNING
package ‘methods’ is used but not declared
See the information on DESCRIPTION files in the chapter ‘Creating R
packages’ of the ‘Writing R Extensions’ manual.
* checking S3 generic/method consistency ... WARNING
summary:
  function(object, ...)
summary.MaskDb:
  function(db, flag)

plot:
  function(x, ...)
plot.MTSpectrum:
  function(spect, maglog, minfreq, maxfreq, ...)

See section ‘Generic functions and methods’ of the ‘Writing R
Extensions’ manual.
* checking replacement functions ... OK
* checking foreign function calls ... OK
* checking R code for possible problems ... NOTE
ShiftFFTVector: warning in complex(real = cos(2 * pi * myind * amt/l),
  im = sin(2 * pi * myind * amt/l)): partial argument match of 'im' to
  'imaginary'
ShiftVector: warning in complex(real = cos(2 * pi * myind * amt/l), im
  = sin(2 * pi * myind * amt/l)): partial argument match of 'im' to
  'imaginary'
AddImages: no visible global function definition for ‘dbGetQuery’
AddMaskConnections: no visible global function definition for
  ‘dbGetQuery’
AddMaskConnections: no visible global function definition for
  ‘dbBeginTransaction’
AddMaskConnections: no visible global function definition for
  ‘dbGetPreparedQuery’
AddMaskConnections: no visible global function definition for
  ‘dbCommit’
AddMasks: no visible global function definition for ‘dbGetQuery’
ClustDistance: no visible global function definition for
  ‘cluster.stats’
ClusterCells: no visible global function definition for ‘pam’
ComputeMaskFeatures: no visible global function definition for
  ‘dbGetQuery’
ComputeMaskFeatures : LimitMasks: no visible global function definition
  for ‘dbGetQuery’
ComputeMaskFeatures: no visible global function definition for
  ‘dbBeginTransaction’
ComputeMaskFeatures: no visible global function definition for
  ‘dbGetPreparedQuery’
ComputeMaskFeatures: no visible global function definition for
  ‘dbCommit’
ConMaskDb: no visible global function definition for ‘dbConnect’
ConMaskDb: no visible global function definition for ‘dbDriver’
EvaluateConfidence: no visible global function definition for
  ‘dbGetQuery’
EvaluateSegmentation: no visible global function definition for
  ‘dbGetQuery’
FilterVector: no visible global function definition for ‘butfilt’
GetAllSeries: no visible global function definition for ‘dbGetQuery’
GetCliques: no visible global function definition for ‘dbGetQuery’
GetCliques: no visible global function definition for ‘graph.edgelist’
GetCliques: no visible global function definition for ‘maximal.cliques’
GetCliques: no visible global function definition for ‘V’
GetImage: no visible global function definition for ‘dbGetQuery’
GetMask: no visible global function definition for ‘dbGetQuery’
GetSegmentation: no visible global function definition for ‘dbGetQuery’
GetSparseMasks: no visible global function definition for ‘dbGetQuery’
InitiateMaskClassifier: no visible global function definition for
  ‘randomForest’
MaskDbSetup: no visible global function definition for ‘dbGetQuery’
MaskHull: no visible global function definition for ‘in.out’
MultiTaperSpectrum: no visible global function definition for
  ‘spec.mtm’
OptimShift: no visible global function definition for ‘neldermead.new’
OptimShift: no visible global function definition for
  ‘neldermead.configure’
OptimShift: no visible global function definition for ‘transpose’
OptimShift: no visible global function definition for
  ‘neldermead.search’
OptimShift: no visible global function definition for ‘neldermead.get’
OptimTranslate : optimf: no visible binding for global variable ‘x’
OptimTranslate: no visible global function definition for
  ‘neldermead.new’
OptimTranslate: no visible global function definition for
  ‘neldermead.configure’
OptimTranslate: no visible global function definition for ‘transpose’
OptimTranslate: no visible global function definition for
  ‘neldermead.search’
OptimTranslate: no visible global function definition for
  ‘neldermead.get’
PlotMaskSetByID: no visible global function definition for ‘dbGetQuery’
PlotSegmentation: no visible global function definition for
  ‘dbGetQuery’
PredictExperiment: no visible global function definition for
  ‘dbGetQuery’
PredictExperiment: no visible global function definition for
  ‘dbBeginTransaction’
PredictExperiment: no visible global function definition for
  ‘dbGetPreparedQuery’
PredictExperiment: no visible global function definition for ‘dbCommit’
PullData: no visible global function definition for ‘dbGetQuery’
RemoveMask: no visible global function definition for ‘dbGetQuery’
RestrictMaskSize: no visible global function definition for
  ‘dbGetQuery’
SetMaskLabel: no visible global function definition for ‘dbGetQuery’
ViewCI: no visible global function definition for ‘dbGetQuery’
ViewCI : AddLabeledMasks: no visible global function definition for
  ‘visible<-’
ViewCI : ToggleMasks: no visible global function definition for
  ‘svalue’
ViewCI : ToggleMasks: no visible global function definition for
  ‘visible<-’
ViewCI : RedoSeg: no visible global function definition for
  ‘dbGetQuery’
ViewCI : InitiateFromClass: no visible global function definition for
  ‘dbBeginTransaction’
ViewCI : InitiateFromClass: no visible global function definition for
  ‘dbGetPreparedQuery’
ViewCI : InitiateFromClass: no visible global function definition for
  ‘dbCommit’
ViewCI : InitiateFromClass: no visible global function definition for
  ‘dbGetQuery’
ViewCI : ImgHandler : PlotPage: no visible global function definition
  for ‘visible<-’
ViewCI : ImgHandler : PlotPage: no visible global function definition
  for ‘enabled<-’
ViewCI : ImgHandler : PagePrev: no visible global function definition
  for ‘svalue<-’
ViewCI : ImgHandler : PageNext: no visible global function definition
  for ‘svalue<-’
ViewCI : ImgHandler : CloseLabelWindow: no visible global function
  definition for ‘svalue’
ViewCI : ImgHandler : CloseLabelWindow: no visible global function
  definition for ‘svalue<-’
ViewCI : ImgHandler : CloseLabelWindow: no visible global function
  definition for ‘dispose’
ViewCI : ImgHandler : SetLabel: no visible global function definition
  for ‘visible<-’
ViewCI : ImgHandler: no visible global function definition for
  ‘gwindow’
ViewCI : ImgHandler: no visible global function definition for ‘ggroup’
ViewCI : ImgHandler: no visible global function definition for
  ‘ggraphics’
ViewCI : ImgHandler: no visible global function definition for
  ‘addHandlerChanged’
ViewCI : ImgHandler: no visible global function definition for
  ‘visible<-’
ViewCI : ImgHandler: no visible global function definition for
  ‘gbutton’
ViewCI : ImgHandler: no visible global function definition for
  ‘enabled<-’
ViewCI : ImgHandler: no visible global function definition for ‘glabel’
ViewCI: no visible global function definition for ‘gwindow’
ViewCI: no visible global function definition for ‘ggroup’
ViewCI: no visible global function definition for ‘ggraphics’
ViewCI: no visible global function definition for ‘addHandlerChanged’
ViewCI: no visible global function definition for ‘visible<-’
ViewCI: no visible global function definition for ‘gradio’
ViewCI: no visible global function definition for ‘gbutton’
ViewCI: no visible global function definition for ‘svalue<-’
summary.MaskDb: no visible global function definition for ‘dbGetQuery’
* checking Rd files ... OK
* checking Rd metadata ... OK
* checking Rd cross-references ... OK
* checking for missing documentation entries ... OK
* checking for code/documentation mismatches ... WARNING
Functions or methods with usage in documentation object 'AddConMat' but not in code:
  AddConMat

Functions or methods with usage in documentation object 'AddMask' but not in code:
  AddMask

Functions or methods with usage in documentation object 'AddMaskSet' but not in code:
  AddMaskSet

Functions or methods with usage in documentation object 'ClusterCorrelation' but not in code:
  ClusterCorrelation

Functions or methods with usage in documentation object 'CreateCalExpFromCSV' but not in code:
  CreateCalExpFromCSV

Functions or methods with usage in documentation object 'CreateCurExp' but not in code:
  CreateCurExp

Functions or methods with usage in documentation object 'CreateDbController' but not in code:
  CreateDbController

Functions or methods with usage in documentation object 'DbAddMask' but not in code:
  DbAddMask

Functions or methods with usage in documentation object 'DbSetup' but not in code:
  DbSetup

Functions or methods with usage in documentation object 'FFTXCor' but not in code:
  FFTXCor

Functions or methods with usage in documentation object 'GetDataFeatures' but not in code:
  GetDataFeatures

Functions or methods with usage in documentation object 'GetMasks' but not in code:
  GetMasks

Functions or methods with usage in documentation object 'GetShapeFeatures' but not in code:
  GetShapeFeatures

Functions or methods with usage in documentation object 'GrpRFCreate' but not in code:
  GrpRFCreate

Functions or methods with usage in documentation object 'HillClimbC' but not in code:
  HillClimbC

Functions or methods with usage in documentation object 'HistEqualC' but not in code:
  HistEqualC

Functions or methods with usage in documentation object 'RotateImg' but not in code:
  RotateImg

Functions or methods with usage in documentation object 'SimpleModesC' but not in code:
  SimpleModesC

* checking Rd \usage sections ... WARNING
Undocumented arguments in documentation object 'ClusterCells'
  ‘dt’

Undocumented arguments in documentation object 'EmbedAndTaperImage'
  ‘size’

Undocumented arguments in documentation object 'GetMask'
  ‘sparse’
Documented arguments not in \usage in documentation object 'GetMask':
  ‘format’

Undocumented arguments in documentation object 'GetPhase'
  ‘mag’

Undocumented arguments in documentation object 'LoGMasks'
  ‘ksize’
Documented arguments not in \usage in documentation object 'LoGMasks':
  ‘kside’

Undocumented arguments in documentation object 'MaskDbSetup'
  ‘calexp’ ‘tag’ ‘dt’ ‘description’ ‘datafile’

Documented arguments not in \usage in documentation object 'MatrixToSparseMasks':
  ‘return’

Undocumented arguments in documentation object 'OptimTranslate'
  ‘bigsize’

Undocumented arguments in documentation object 'PlotMaskSet'
  ‘rgb’

Undocumented arguments in documentation object 'PredictExperiment'
  ‘db’ ‘thresh’
Documented arguments not in \usage in documentation object 'PredictExperiment':
  ‘dn’ ‘enforcelabels’

Undocumented arguments in documentation object 'PullData'
  ‘group’

Undocumented arguments in documentation object 'RegisterCalExp'
  ‘bigsize’
Documented arguments not in \usage in documentation object 'RegisterCalExp':
  ‘upsamp’

Undocumented arguments in documentation object 'RestrictMaskSize'
  ‘minsize’ ‘maxsize’
Documented arguments not in \usage in documentation object 'RestrictMaskSize':
  ‘min’ ‘max’

Functions with \usage entries need to have the appropriate \alias
entries, and all their arguments documented.
The \usage entries must correspond to syntactically valid R code.
See the chapter ‘Writing R documentation files’ in the ‘Writing R
Extensions’ manual.
S3 methods shown with full name in documentation object 'plot.MTSpectrum':
  ‘plot.MTSpectrum’

S3 methods shown with full name in documentation object 'summary.MaskDb':
  ‘summary.MaskDb’

The \usage entries for S3 methods should use the \method markup and not
their full name.
See the chapter ‘Writing R documentation files’ in the ‘Writing R
Extensions’ manual.
* checking Rd contents ... OK
* checking for unstated dependencies in examples ... OK
* checking line endings in C/C++/Fortran sources/headers ... OK
* checking line endings in Makefiles ... OK
* checking for portable use of $(BLAS_LIBS) and $(LAPACK_LIBS) ... OK
* checking compiled code ... OK
* checking examples ... NONE
* checking PDF version of manual ... WARNING
LaTeX errors when creating PDF version.
This typically indicates Rd problems.
LaTeX errors found:
! LaTeX Error: File `inconsolata.sty' not found.

Type X to quit or <RETURN> to proceed,
or enter new name. (Default extension: sty)

* checking PDF version of manual without hyperrefs or index ... OK
WARNING: There were 7 warnings.
NOTE: There were 2 notes.
See
  ‘/Users/bwoods/RCI.Rcheck/00check.log’
for details.
