Hmm ... looks like a package
This is pdfTeXk, Version 3.1415926-1.40.9 (Web2C 7.5.7)
 %&-line parsing enabled.
entering extended mode
(./Rd2.tex
LaTeX2e <2005/12/01>
Babel <v3.8l> and hyphenation patterns for english, usenglishmax, dumylang, noh
yphenation, german-x-2008-06-18, ngerman-x-2008-06-18, ancientgreek, ibycus, ar
abic, basque, bulgarian, catalan, pinyin, coptic, croatian, czech, danish, dutc
h, esperanto, estonian, farsi, finnish, french, galician, german, ngerman, mono
greek, greek, hungarian, icelandic, indonesian, interlingua, irish, italian, la
tin, lithuanian, mongolian, mongolian2a, bokmal, nynorsk, polish, portuguese, r
omanian, russian, sanskrit, serbian, slovak, slovenian, spanish, swedish, turki
sh, ukenglish, ukrainian, uppersorbian, welsh, loaded.

(/usr/local/texlive/2008/texmf-dist/tex/latex/base/book.cls
Document Class: book 2005/09/16 v1.4f Standard LaTeX document class
(/usr/local/texlive/2008/texmf-dist/tex/latex/base/bk10.clo))
(/Library/Frameworks/R.framework/Resources/share/texmf/tex/latex/Rd.sty
(/usr/local/texlive/2008/texmf-dist/tex/latex/base/ifthen.sty)
(/usr/local/texlive/2008/texmf-dist/tex/latex/tools/longtable.sty)
(/usr/local/texlive/2008/texmf-dist/tex/latex/tools/bm.sty)
(/usr/local/texlive/2008/texmf-dist/tex/latex/base/alltt.sty)
(/usr/local/texlive/2008/texmf-dist/tex/latex/tools/verbatim.sty)
(/usr/local/texlive/2008/texmf-dist/tex/latex/ltxmisc/url.sty)
(/Library/Frameworks/R.framework/Resources/share/texmf/tex/latex/upquote.sty
(/usr/local/texlive/2008/texmf-dist/tex/latex/base/textcomp.sty
(/usr/local/texlive/2008/texmf-dist/tex/latex/base/ts1enc.def)))
NOT loading ae (/usr/local/texlive/2008/texmf-dist/tex/latex/base/fontenc.sty
(/usr/local/texlive/2008/texmf-dist/tex/latex/base/t1enc.def))
(/usr/local/texlive/2008/texmf-dist/tex/latex/psnfss/times.sty)
NOT loading lmodern)
(/usr/local/texlive/2008/texmf-dist/tex/latex/base/inputenc.sty
(/usr/local/texlive/2008/texmf-dist/tex/latex/base/utf8.def
(/usr/local/texlive/2008/texmf-dist/tex/latex/base/t1enc.dfu)
(/usr/local/texlive/2008/texmf-dist/tex/latex/base/ot1enc.dfu)
(/usr/local/texlive/2008/texmf-dist/tex/latex/base/omsenc.dfu)
(/usr/local/texlive/2008/texmf-dist/tex/latex/base/ts1enc.dfu))
(/usr/local/texlive/2008/texmf-dist/tex/latex/base/latin1.def))
No file Rd2.aux.
(/usr/local/texlive/2008/texmf-dist/tex/latex/base/ts1cmr.fd)
(/usr/local/texlive/2008/texmf-dist/tex/latex/psnfss/t1ptm.fd)
(/usr/local/texlive/2008/texmf-dist/tex/latex/psnfss/t1pcr.fd)
(/usr/local/texlive/2008/texmf-dist/tex/latex/psnfss/ts1ptm.fd)
(/usr/local/texlive/2008/texmf-dist/tex/latex/psnfss/t1phv.fd)
No file Rd2.toc.
(/usr/local/texlive/2008/texmf-dist/tex/latex/base/utf8.def)
(/usr/local/texlive/2008/texmf-dist/tex/latex/base/utf8.def) [1{/usr/local/texl
ive/2008/texmf-var/fonts/map/pdftex/updmap/pdftex.map}]
(/usr/local/texlive/2008/texmf-dist/tex/latex/base/utf8.def)
(/usr/local/texlive/2008/texmf-dist/tex/latex/base/utf8.def) [2]
(/usr/local/texlive/2008/texmf-dist/tex/latex/base/utf8.def)
(/usr/local/texlive/2008/texmf-dist/tex/latex/base/utf8.def) [3]
(/usr/local/texlive/2008/texmf-dist/tex/latex/base/utf8.def)
(/usr/local/texlive/2008/texmf-dist/tex/latex/base/utf8.def) [4]
(/usr/local/texlive/2008/texmf-dist/tex/latex/base/utf8.def)
(/usr/local/texlive/2008/texmf-dist/tex/latex/base/utf8.def) [5]
(/usr/local/texlive/2008/texmf-dist/tex/latex/base/utf8.def)
(/usr/local/texlive/2008/texmf-dist/tex/latex/base/utf8.def) [6]
(/usr/local/texlive/2008/texmf-dist/tex/latex/base/utf8.def)
(/usr/local/texlive/2008/texmf-dist/tex/latex/base/utf8.def) [7]
(/usr/local/texlive/2008/texmf-dist/tex/latex/base/utf8.def)
(/usr/local/texlive/2008/texmf-dist/tex/latex/base/utf8.def) [8]
(/usr/local/texlive/2008/texmf-dist/tex/latex/base/utf8.def)
(/usr/local/texlive/2008/texmf-dist/tex/latex/base/utf8.def) [9]
(/usr/local/texlive/2008/texmf-dist/tex/latex/base/utf8.def) [10]
(/usr/local/texlive/2008/texmf-dist/tex/latex/base/utf8.def)
(/usr/local/texlive/2008/texmf-dist/tex/latex/base/utf8.def) [11]
(/usr/local/texlive/2008/texmf-dist/tex/latex/base/utf8.def)
Underfull \hbox (badness 10000) in paragraph at lines 712--715

[12] (/usr/local/texlive/2008/texmf-dist/tex/latex/base/utf8.def)
(/usr/local/texlive/2008/texmf-dist/tex/latex/base/utf8.def) [13]
(/usr/local/texlive/2008/texmf-dist/tex/latex/base/utf8.def)
(/usr/local/texlive/2008/texmf-dist/tex/latex/base/utf8.def) [14]
(/usr/local/texlive/2008/texmf-dist/tex/latex/base/utf8.def)
(/usr/local/texlive/2008/texmf-dist/tex/latex/base/utf8.def) [15]
(/usr/local/texlive/2008/texmf-dist/tex/latex/base/utf8.def)
(/usr/local/texlive/2008/texmf-dist/tex/latex/base/utf8.def) [16]
(/usr/local/texlive/2008/texmf-dist/tex/latex/base/utf8.def) [17]
(/usr/local/texlive/2008/texmf-dist/tex/latex/base/utf8.def)
(/usr/local/texlive/2008/texmf-dist/tex/latex/base/utf8.def) [18]
(/usr/local/texlive/2008/texmf-dist/tex/latex/base/utf8.def)
(/usr/local/texlive/2008/texmf-dist/tex/latex/base/utf8.def) [19]
Underfull \hbox (badness 10000) in paragraph at lines 1171--1186

(/usr/local/texlive/2008/texmf-dist/tex/latex/base/utf8.def) [20]
(/usr/local/texlive/2008/texmf-dist/tex/latex/base/utf8.def)
(/usr/local/texlive/2008/texmf-dist/tex/latex/base/utf8.def)
(/usr/local/texlive/2008/texmf-dist/tex/latex/base/utf8.def) [21]
(/usr/local/texlive/2008/texmf-dist/tex/latex/base/utf8.def)
(/usr/local/texlive/2008/texmf-dist/tex/latex/base/utf8.def) [22]
(/usr/local/texlive/2008/texmf-dist/tex/latex/base/utf8.def)
(/usr/local/texlive/2008/texmf-dist/tex/latex/base/utf8.def) [23]
Underfull \hbox (badness 10000) in paragraph at lines 1403--1412

(/usr/local/texlive/2008/texmf-dist/tex/latex/base/utf8.def)
(/usr/local/texlive/2008/texmf-dist/tex/latex/base/utf8.def) [24]
(/usr/local/texlive/2008/texmf-dist/tex/latex/base/utf8.def)
(/usr/local/texlive/2008/texmf-dist/tex/latex/base/utf8.def) [25]
(/usr/local/texlive/2008/texmf-dist/tex/latex/base/utf8.def)
(/usr/local/texlive/2008/texmf-dist/tex/latex/base/utf8.def) [26]
(/usr/local/texlive/2008/texmf-dist/tex/latex/base/utf8.def)
(/usr/local/texlive/2008/texmf-dist/tex/latex/base/utf8.def) [27]
(/usr/local/texlive/2008/texmf-dist/tex/latex/base/utf8.def)
(/usr/local/texlive/2008/texmf-dist/tex/latex/base/utf8.def) [28]
(/usr/local/texlive/2008/texmf-dist/tex/latex/base/utf8.def)
(/usr/local/texlive/2008/texmf-dist/tex/latex/base/utf8.def) [29]
(/usr/local/texlive/2008/texmf-dist/tex/latex/base/utf8.def)
(/usr/local/texlive/2008/texmf-dist/tex/latex/base/utf8.def) [30]
(/usr/local/texlive/2008/texmf-dist/tex/latex/base/utf8.def)
(/usr/local/texlive/2008/texmf-dist/tex/latex/base/utf8.def) [31]
(/usr/local/texlive/2008/texmf-dist/tex/latex/base/utf8.def)
(/usr/local/texlive/2008/texmf-dist/tex/latex/base/utf8.def) [32]
(/usr/local/texlive/2008/texmf-dist/tex/latex/base/utf8.def)
(/usr/local/texlive/2008/texmf-dist/tex/latex/base/utf8.def) [33]
(/usr/local/texlive/2008/texmf-dist/tex/latex/base/utf8.def) [34]
(/usr/local/texlive/2008/texmf-dist/tex/latex/base/utf8.def)
(/usr/local/texlive/2008/texmf-dist/tex/latex/base/utf8.def) [35]
(/usr/local/texlive/2008/texmf-dist/tex/latex/base/utf8.def)
(/usr/local/texlive/2008/texmf-dist/tex/latex/base/utf8.def) [36]
(/usr/local/texlive/2008/texmf-dist/tex/latex/base/utf8.def)
(/usr/local/texlive/2008/texmf-dist/tex/latex/base/utf8.def) [37]
(/usr/local/texlive/2008/texmf-dist/tex/latex/base/utf8.def) [38]
(/usr/local/texlive/2008/texmf-dist/tex/latex/base/utf8.def)
(/usr/local/texlive/2008/texmf-dist/tex/latex/base/utf8.def)
(/usr/local/texlive/2008/texmf-dist/tex/latex/base/utf8.def) [39]
(/usr/local/texlive/2008/texmf-dist/tex/latex/base/utf8.def)
(/usr/local/texlive/2008/texmf-dist/tex/latex/base/utf8.def) [40]
(/usr/local/texlive/2008/texmf-dist/tex/latex/base/utf8.def) [41]
(/usr/local/texlive/2008/texmf-dist/tex/latex/base/utf8.def)
(/usr/local/texlive/2008/texmf-dist/tex/latex/base/utf8.def)
(/usr/local/texlive/2008/texmf-dist/tex/latex/base/utf8.def) [42]
(/usr/local/texlive/2008/texmf-dist/tex/latex/base/utf8.def)
(/usr/local/texlive/2008/texmf-dist/tex/latex/base/utf8.def) [43]
(/usr/local/texlive/2008/texmf-dist/tex/latex/base/utf8.def)
(/usr/local/texlive/2008/texmf-dist/tex/latex/base/utf8.def) [44]
(/usr/local/texlive/2008/texmf-dist/tex/latex/base/utf8.def)
(/usr/local/texlive/2008/texmf-dist/tex/latex/base/utf8.def) [45]
(/usr/local/texlive/2008/texmf-dist/tex/latex/base/utf8.def)
(/usr/local/texlive/2008/texmf-dist/tex/latex/base/utf8.def) [46]
(/usr/local/texlive/2008/texmf-dist/tex/latex/base/utf8.def)
(/usr/local/texlive/2008/texmf-dist/tex/latex/base/utf8.def) [47]
(/usr/local/texlive/2008/texmf-dist/tex/latex/base/utf8.def)
(/usr/local/texlive/2008/texmf-dist/tex/latex/base/utf8.def) [48] [49]
(./Rd2.aux) )
(see the transcript file for additional information){/usr/local/texlive/2008/te
xmf-dist/fonts/enc/dvips/base/8r.enc}</usr/local/texlive/2008/texmf-dist/fonts/
type1/urw/courier/ucrr8a.pfb></usr/local/texlive/2008/texmf-dist/fonts/type1/ur
w/helvetic/uhvr8a.pfb></usr/local/texlive/2008/texmf-dist/fonts/type1/urw/times
/utmb8a.pfb></usr/local/texlive/2008/texmf-dist/fonts/type1/urw/times/utmr8a.pf
b></usr/local/texlive/2008/texmf-dist/fonts/type1/urw/times/utmr8a.pfb></usr/lo
cal/texlive/2008/texmf-dist/fonts/type1/urw/times/utmri8a.pfb>
Output written on Rd2.pdf (49 pages, 150043 bytes).
Transcript written on Rd2.log.
This is pdfTeXk, Version 3.1415926-1.40.9 (Web2C 7.5.7)
 %&-line parsing enabled.
entering extended mode
(./Rd2.tex
LaTeX2e <2005/12/01>
Babel <v3.8l> and hyphenation patterns for english, usenglishmax, dumylang, noh
yphenation, german-x-2008-06-18, ngerman-x-2008-06-18, ancientgreek, ibycus, ar
abic, basque, bulgarian, catalan, pinyin, coptic, croatian, czech, danish, dutc
h, esperanto, estonian, farsi, finnish, french, galician, german, ngerman, mono
greek, greek, hungarian, icelandic, indonesian, interlingua, irish, italian, la
tin, lithuanian, mongolian, mongolian2a, bokmal, nynorsk, polish, portuguese, r
omanian, russian, sanskrit, serbian, slovak, slovenian, spanish, swedish, turki
sh, ukenglish, ukrainian, uppersorbian, welsh, loaded.

(/usr/local/texlive/2008/texmf-dist/tex/latex/base/book.cls
Document Class: book 2005/09/16 v1.4f Standard LaTeX document class
(/usr/local/texlive/2008/texmf-dist/tex/latex/base/bk10.clo))
(/Library/Frameworks/R.framework/Resources/share/texmf/tex/latex/Rd.sty
(/usr/local/texlive/2008/texmf-dist/tex/latex/base/ifthen.sty)
(/usr/local/texlive/2008/texmf-dist/tex/latex/tools/longtable.sty)
(/usr/local/texlive/2008/texmf-dist/tex/latex/tools/bm.sty)
(/usr/local/texlive/2008/texmf-dist/tex/latex/base/alltt.sty)
(/usr/local/texlive/2008/texmf-dist/tex/latex/tools/verbatim.sty)
(/usr/local/texlive/2008/texmf-dist/tex/latex/ltxmisc/url.sty)
(/Library/Frameworks/R.framework/Resources/share/texmf/tex/latex/upquote.sty
(/usr/local/texlive/2008/texmf-dist/tex/latex/base/textcomp.sty
(/usr/local/texlive/2008/texmf-dist/tex/latex/base/ts1enc.def)))
NOT loading ae (/usr/local/texlive/2008/texmf-dist/tex/latex/base/fontenc.sty
(/usr/local/texlive/2008/texmf-dist/tex/latex/base/t1enc.def))
(/usr/local/texlive/2008/texmf-dist/tex/latex/psnfss/times.sty)
NOT loading lmodern)
(/usr/local/texlive/2008/texmf-dist/tex/latex/base/inputenc.sty
(/usr/local/texlive/2008/texmf-dist/tex/latex/base/utf8.def
(/usr/local/texlive/2008/texmf-dist/tex/latex/base/t1enc.dfu)
(/usr/local/texlive/2008/texmf-dist/tex/latex/base/ot1enc.dfu)
(/usr/local/texlive/2008/texmf-dist/tex/latex/base/omsenc.dfu)
(/usr/local/texlive/2008/texmf-dist/tex/latex/base/ts1enc.dfu))
(/usr/local/texlive/2008/texmf-dist/tex/latex/base/latin1.def)) (./Rd2.aux)
(/usr/local/texlive/2008/texmf-dist/tex/latex/base/ts1cmr.fd)
(/usr/local/texlive/2008/texmf-dist/tex/latex/psnfss/t1ptm.fd)
(/usr/local/texlive/2008/texmf-dist/tex/latex/psnfss/t1pcr.fd)
(/usr/local/texlive/2008/texmf-dist/tex/latex/psnfss/ts1ptm.fd)
(/usr/local/texlive/2008/texmf-dist/tex/latex/psnfss/t1phv.fd) (./Rd2.toc
[1{/usr/local/texlive/2008/texmf-var/fonts/map/pdftex/updmap/pdftex.map}]
[2]) (/usr/local/texlive/2008/texmf-dist/tex/latex/base/utf8.def)
(/usr/local/texlive/2008/texmf-dist/tex/latex/base/utf8.def) [3]
(/usr/local/texlive/2008/texmf-dist/tex/latex/base/utf8.def)
(/usr/local/texlive/2008/texmf-dist/tex/latex/base/utf8.def) [4]
(/usr/local/texlive/2008/texmf-dist/tex/latex/base/utf8.def)
(/usr/local/texlive/2008/texmf-dist/tex/latex/base/utf8.def) [5]
(/usr/local/texlive/2008/texmf-dist/tex/latex/base/utf8.def)
(/usr/local/texlive/2008/texmf-dist/tex/latex/base/utf8.def) [6]
(/usr/local/texlive/2008/texmf-dist/tex/latex/base/utf8.def)
(/usr/local/texlive/2008/texmf-dist/tex/latex/base/utf8.def) [7]
(/usr/local/texlive/2008/texmf-dist/tex/latex/base/utf8.def)
(/usr/local/texlive/2008/texmf-dist/tex/latex/base/utf8.def) [8]
(/usr/local/texlive/2008/texmf-dist/tex/latex/base/utf8.def)
(/usr/local/texlive/2008/texmf-dist/tex/latex/base/utf8.def) [9]
(/usr/local/texlive/2008/texmf-dist/tex/latex/base/utf8.def)
(/usr/local/texlive/2008/texmf-dist/tex/latex/base/utf8.def) [10]
(/usr/local/texlive/2008/texmf-dist/tex/latex/base/utf8.def)
(/usr/local/texlive/2008/texmf-dist/tex/latex/base/utf8.def) [11]
(/usr/local/texlive/2008/texmf-dist/tex/latex/base/utf8.def) [12]
(/usr/local/texlive/2008/texmf-dist/tex/latex/base/utf8.def)
(/usr/local/texlive/2008/texmf-dist/tex/latex/base/utf8.def) [13]
(/usr/local/texlive/2008/texmf-dist/tex/latex/base/utf8.def)
Underfull \hbox (badness 10000) in paragraph at lines 712--715

[14] (/usr/local/texlive/2008/texmf-dist/tex/latex/base/utf8.def)
(/usr/local/texlive/2008/texmf-dist/tex/latex/base/utf8.def) [15]
(/usr/local/texlive/2008/texmf-dist/tex/latex/base/utf8.def)
(/usr/local/texlive/2008/texmf-dist/tex/latex/base/utf8.def) [16]
(/usr/local/texlive/2008/texmf-dist/tex/latex/base/utf8.def)
(/usr/local/texlive/2008/texmf-dist/tex/latex/base/utf8.def) [17]
(/usr/local/texlive/2008/texmf-dist/tex/latex/base/utf8.def)
(/usr/local/texlive/2008/texmf-dist/tex/latex/base/utf8.def) [18]
(/usr/local/texlive/2008/texmf-dist/tex/latex/base/utf8.def) [19]
(/usr/local/texlive/2008/texmf-dist/tex/latex/base/utf8.def)
(/usr/local/texlive/2008/texmf-dist/tex/latex/base/utf8.def) [20]
(/usr/local/texlive/2008/texmf-dist/tex/latex/base/utf8.def)
(/usr/local/texlive/2008/texmf-dist/tex/latex/base/utf8.def) [21]
Underfull \hbox (badness 10000) in paragraph at lines 1171--1186

(/usr/local/texlive/2008/texmf-dist/tex/latex/base/utf8.def) [22]
(/usr/local/texlive/2008/texmf-dist/tex/latex/base/utf8.def)
(/usr/local/texlive/2008/texmf-dist/tex/latex/base/utf8.def)
(/usr/local/texlive/2008/texmf-dist/tex/latex/base/utf8.def) [23]
(/usr/local/texlive/2008/texmf-dist/tex/latex/base/utf8.def)
(/usr/local/texlive/2008/texmf-dist/tex/latex/base/utf8.def) [24]
(/usr/local/texlive/2008/texmf-dist/tex/latex/base/utf8.def)
(/usr/local/texlive/2008/texmf-dist/tex/latex/base/utf8.def) [25]
Underfull \hbox (badness 10000) in paragraph at lines 1403--1412

(/usr/local/texlive/2008/texmf-dist/tex/latex/base/utf8.def)
(/usr/local/texlive/2008/texmf-dist/tex/latex/base/utf8.def) [26]
(/usr/local/texlive/2008/texmf-dist/tex/latex/base/utf8.def)
(/usr/local/texlive/2008/texmf-dist/tex/latex/base/utf8.def) [27]
(/usr/local/texlive/2008/texmf-dist/tex/latex/base/utf8.def)
(/usr/local/texlive/2008/texmf-dist/tex/latex/base/utf8.def) [28]
(/usr/local/texlive/2008/texmf-dist/tex/latex/base/utf8.def)
(/usr/local/texlive/2008/texmf-dist/tex/latex/base/utf8.def) [29]
(/usr/local/texlive/2008/texmf-dist/tex/latex/base/utf8.def)
(/usr/local/texlive/2008/texmf-dist/tex/latex/base/utf8.def) [30]
(/usr/local/texlive/2008/texmf-dist/tex/latex/base/utf8.def)
(/usr/local/texlive/2008/texmf-dist/tex/latex/base/utf8.def) [31]
(/usr/local/texlive/2008/texmf-dist/tex/latex/base/utf8.def)
(/usr/local/texlive/2008/texmf-dist/tex/latex/base/utf8.def) [32]
(/usr/local/texlive/2008/texmf-dist/tex/latex/base/utf8.def)
(/usr/local/texlive/2008/texmf-dist/tex/latex/base/utf8.def) [33]
(/usr/local/texlive/2008/texmf-dist/tex/latex/base/utf8.def)
(/usr/local/texlive/2008/texmf-dist/tex/latex/base/utf8.def) [34]
(/usr/local/texlive/2008/texmf-dist/tex/latex/base/utf8.def)
(/usr/local/texlive/2008/texmf-dist/tex/latex/base/utf8.def) [35]
(/usr/local/texlive/2008/texmf-dist/tex/latex/base/utf8.def) [36]
(/usr/local/texlive/2008/texmf-dist/tex/latex/base/utf8.def)
(/usr/local/texlive/2008/texmf-dist/tex/latex/base/utf8.def) [37]
(/usr/local/texlive/2008/texmf-dist/tex/latex/base/utf8.def)
(/usr/local/texlive/2008/texmf-dist/tex/latex/base/utf8.def) [38]
(/usr/local/texlive/2008/texmf-dist/tex/latex/base/utf8.def)
(/usr/local/texlive/2008/texmf-dist/tex/latex/base/utf8.def) [39]
(/usr/local/texlive/2008/texmf-dist/tex/latex/base/utf8.def) [40]
(/usr/local/texlive/2008/texmf-dist/tex/latex/base/utf8.def)
(/usr/local/texlive/2008/texmf-dist/tex/latex/base/utf8.def)
(/usr/local/texlive/2008/texmf-dist/tex/latex/base/utf8.def) [41]
(/usr/local/texlive/2008/texmf-dist/tex/latex/base/utf8.def)
(/usr/local/texlive/2008/texmf-dist/tex/latex/base/utf8.def) [42]
(/usr/local/texlive/2008/texmf-dist/tex/latex/base/utf8.def) [43]
(/usr/local/texlive/2008/texmf-dist/tex/latex/base/utf8.def)
(/usr/local/texlive/2008/texmf-dist/tex/latex/base/utf8.def)
(/usr/local/texlive/2008/texmf-dist/tex/latex/base/utf8.def) [44]
(/usr/local/texlive/2008/texmf-dist/tex/latex/base/utf8.def)
(/usr/local/texlive/2008/texmf-dist/tex/latex/base/utf8.def) [45]
(/usr/local/texlive/2008/texmf-dist/tex/latex/base/utf8.def)
(/usr/local/texlive/2008/texmf-dist/tex/latex/base/utf8.def) [46]
(/usr/local/texlive/2008/texmf-dist/tex/latex/base/utf8.def)
(/usr/local/texlive/2008/texmf-dist/tex/latex/base/utf8.def) [47]
(/usr/local/texlive/2008/texmf-dist/tex/latex/base/utf8.def)
(/usr/local/texlive/2008/texmf-dist/tex/latex/base/utf8.def) [48]
(/usr/local/texlive/2008/texmf-dist/tex/latex/base/utf8.def)
(/usr/local/texlive/2008/texmf-dist/tex/latex/base/utf8.def) [49]
(/usr/local/texlive/2008/texmf-dist/tex/latex/base/utf8.def)
(/usr/local/texlive/2008/texmf-dist/tex/latex/base/utf8.def) [50] [51]
(./Rd2.aux) )
(see the transcript file for additional information){/usr/local/texlive/2008/te
xmf-dist/fonts/enc/dvips/base/8r.enc}</usr/local/texlive/2008/texmf-dist/fonts/
type1/urw/courier/ucrr8a.pfb></usr/local/texlive/2008/texmf-dist/fonts/type1/ur
w/helvetic/uhvr8a.pfb></usr/local/texlive/2008/texmf-dist/fonts/type1/urw/times
/utmb8a.pfb></usr/local/texlive/2008/texmf-dist/fonts/type1/urw/times/utmr8a.pf
b></usr/local/texlive/2008/texmf-dist/fonts/type1/urw/times/utmr8a.pfb></usr/lo
cal/texlive/2008/texmf-dist/fonts/type1/urw/times/utmri8a.pfb>
Output written on Rd2.pdf (51 pages, 153119 bytes).
Transcript written on Rd2.log.
Saving output to 'RCI-manual.pdf' ...
Done
You may want to clean up by 'rm -rf /var/folders/pd/pd+OxX2yGxitoI6Od2-03k+++TI/-Tmp-//RtmpzosDiL/Rd2pdffae56f899ee2'
